{"/Users/brynach/git/js_canvas_shmup/js/src/collisionDetection.js": {"path":"/Users/brynach/git/js_canvas_shmup/js/src/collisionDetection.js","statementMap":{"0":{"start":{"line":2,"column":2},"end":{"line":3,"column":94}},"1":{"start":{"line":6,"column":0},"end":{"line":8,"column":1}}},"fnMap":{"0":{"name":"collisionDetection","decl":{"start":{"line":1,"column":9},"end":{"line":1,"column":27}},"loc":{"start":{"line":1,"column":52},"end":{"line":4,"column":1}},"line":1}},"branchMap":{"0":{"loc":{"start":{"line":2,"column":9},"end":{"line":3,"column":93}},"type":"binary-expr","locations":[{"start":{"line":2,"column":9},"end":{"line":2,"column":53}},{"start":{"line":2,"column":57},"end":{"line":2,"column":100}},{"start":{"line":3,"column":2},"end":{"line":3,"column":46}},{"start":{"line":3,"column":50},"end":{"line":3,"column":93}}],"line":2}},"s":{"0":0,"1":1},"f":{"0":0},"b":{"0":[0,0,0,0]},"_coverageSchema":"332fd63041d2c1bcb487cc26dd0d5f7d97098a6c","hash":"27078f0a37354e48000a6416f6294ca889e04117"}
,"/Users/brynach/git/js_canvas_shmup/js/src/draw.js": {"path":"/Users/brynach/git/js_canvas_shmup/js/src/draw.js","statementMap":{"0":{"start":{"line":5,"column":2},"end":{"line":5,"column":41}},"1":{"start":{"line":6,"column":2},"end":{"line":6,"column":59}},"2":{"start":{"line":10,"column":2},"end":{"line":10,"column":48}},"3":{"start":{"line":11,"column":2},"end":{"line":13,"column":3}},"4":{"start":{"line":12,"column":4},"end":{"line":12,"column":32}},"5":{"start":{"line":16,"column":0},"end":{"line":20,"column":1}}},"fnMap":{"0":{"name":"drawHitbox","decl":{"start":{"line":4,"column":10},"end":{"line":4,"column":20}},"loc":{"start":{"line":4,"column":38},"end":{"line":7,"column":1}},"line":4},"1":{"name":"drawSprite","decl":{"start":{"line":9,"column":10},"end":{"line":9,"column":20}},"loc":{"start":{"line":9,"column":46},"end":{"line":14,"column":1}},"line":9}},"branchMap":{"0":{"loc":{"start":{"line":11,"column":2},"end":{"line":13,"column":3}},"type":"if","locations":[{"start":{"line":11,"column":2},"end":{"line":13,"column":3}},{"start":{"line":11,"column":2},"end":{"line":13,"column":3}}],"line":11}},"s":{"0":0,"1":0,"2":0,"3":0,"4":0,"5":4},"f":{"0":0,"1":0},"b":{"0":[0,0]},"_coverageSchema":"332fd63041d2c1bcb487cc26dd0d5f7d97098a6c","hash":"5ae9ad2b1a216242bd6ca01a8257eb35449eddc6"}
,"/Users/brynach/git/js_canvas_shmup/js/src/enemyAttack.js": {"path":"/Users/brynach/git/js_canvas_shmup/js/src/enemyAttack.js","statementMap":{"0":{"start":{"line":1,"column":19},"end":{"line":1,"column":41}},"1":{"start":{"line":2,"column":18},"end":{"line":2,"column":45}},"2":{"start":{"line":3,"column":31},"end":{"line":3,"column":65}},"3":{"start":{"line":6,"column":23},"end":{"line":6,"column":49}},"4":{"start":{"line":7,"column":2},"end":{"line":22,"column":3}},"5":{"start":{"line":9,"column":6},"end":{"line":9,"column":22}},"6":{"start":{"line":10,"column":6},"end":{"line":10,"column":11}},"7":{"start":{"line":12,"column":6},"end":{"line":12,"column":22}},"8":{"start":{"line":13,"column":6},"end":{"line":13,"column":11}},"9":{"start":{"line":15,"column":6},"end":{"line":15,"column":24}},"10":{"start":{"line":16,"column":6},"end":{"line":16,"column":11}},"11":{"start":{"line":18,"column":6},"end":{"line":18,"column":24}},"12":{"start":{"line":19,"column":6},"end":{"line":19,"column":29}},"13":{"start":{"line":20,"column":6},"end":{"line":20,"column":29}},"14":{"start":{"line":21,"column":6},"end":{"line":21,"column":11}},"15":{"start":{"line":23,"column":2},"end":{"line":23,"column":21}},"16":{"start":{"line":24,"column":2},"end":{"line":24,"column":50}},"17":{"start":{"line":28,"column":2},"end":{"line":28,"column":37}},"18":{"start":{"line":32,"column":2},"end":{"line":32,"column":39}},"19":{"start":{"line":36,"column":2},"end":{"line":36,"column":34}},"20":{"start":{"line":37,"column":2},"end":{"line":40,"column":3}},"21":{"start":{"line":38,"column":4},"end":{"line":38,"column":34}},"22":{"start":{"line":39,"column":4},"end":{"line":39,"column":26}},"23":{"start":{"line":43,"column":0},"end":{"line":45,"column":1}}},"fnMap":{"0":{"name":"attack","decl":{"start":{"line":5,"column":9},"end":{"line":5,"column":15}},"loc":{"start":{"line":5,"column":32},"end":{"line":25,"column":1}},"line":5},"1":{"name":"windingUp","decl":{"start":{"line":27,"column":9},"end":{"line":27,"column":18}},"loc":{"start":{"line":27,"column":27},"end":{"line":29,"column":1}},"line":27},"2":{"name":"windingDown","decl":{"start":{"line":31,"column":9},"end":{"line":31,"column":20}},"loc":{"start":{"line":31,"column":29},"end":{"line":33,"column":1}},"line":31},"3":{"name":"attacking","decl":{"start":{"line":35,"column":9},"end":{"line":35,"column":18}},"loc":{"start":{"line":35,"column":27},"end":{"line":41,"column":1}},"line":35}},"branchMap":{"0":{"loc":{"start":{"line":7,"column":2},"end":{"line":22,"column":3}},"type":"switch","locations":[{"start":{"line":8,"column":4},"end":{"line":10,"column":11}},{"start":{"line":11,"column":4},"end":{"line":13,"column":11}},{"start":{"line":14,"column":4},"end":{"line":16,"column":11}},{"start":{"line":17,"column":4},"end":{"line":21,"column":11}}],"line":7},"1":{"loc":{"start":{"line":37,"column":2},"end":{"line":40,"column":3}},"type":"if","locations":[{"start":{"line":37,"column":2},"end":{"line":40,"column":3}},{"start":{"line":37,"column":2},"end":{"line":40,"column":3}}],"line":37},"2":{"loc":{"start":{"line":37,"column":6},"end":{"line":37,"column":120}},"type":"binary-expr","locations":[{"start":{"line":37,"column":6},"end":{"line":37,"column":100}},{"start":{"line":37,"column":104},"end":{"line":37,"column":120}}],"line":37}},"s":{"0":1,"1":1,"2":1,"3":0,"4":0,"5":0,"6":0,"7":0,"8":0,"9":0,"10":0,"11":0,"12":0,"13":0,"14":0,"15":0,"16":0,"17":0,"18":0,"19":0,"20":0,"21":0,"22":0,"23":1},"f":{"0":0,"1":0,"2":0,"3":0},"b":{"0":[0,0,0,0],"1":[0,0],"2":[0,0]},"_coverageSchema":"332fd63041d2c1bcb487cc26dd0d5f7d97098a6c","hash":"e7d624b116e176439a3e6239729071eea63952f3"}
,"/Users/brynach/git/js_canvas_shmup/js/src/enemyDrawer.js": {"path":"/Users/brynach/git/js_canvas_shmup/js/src/enemyDrawer.js","statementMap":{"0":{"start":{"line":1,"column":18},"end":{"line":1,"column":38}},"1":{"start":{"line":3,"column":11},"end":{"line":3,"column":15}},"2":{"start":{"line":3,"column":24},"end":{"line":3,"column":30}},"3":{"start":{"line":3,"column":39},"end":{"line":3,"column":45}},"4":{"start":{"line":3,"column":55},"end":{"line":3,"column":62}},"5":{"start":{"line":5,"column":0},"end":{"line":5,"column":27}},"6":{"start":{"line":6,"column":0},"end":{"line":6,"column":45}},"7":{"start":{"line":8,"column":0},"end":{"line":8,"column":32}},"8":{"start":{"line":9,"column":0},"end":{"line":9,"column":55}},"9":{"start":{"line":10,"column":0},"end":{"line":10,"column":33}},"10":{"start":{"line":11,"column":0},"end":{"line":11,"column":57}},"11":{"start":{"line":12,"column":0},"end":{"line":12,"column":30}},"12":{"start":{"line":13,"column":0},"end":{"line":13,"column":51}},"13":{"start":{"line":14,"column":0},"end":{"line":14,"column":32}},"14":{"start":{"line":15,"column":0},"end":{"line":15,"column":55}},"15":{"start":{"line":17,"column":0},"end":{"line":17,"column":33}},"16":{"start":{"line":18,"column":0},"end":{"line":18,"column":55}},"17":{"start":{"line":19,"column":0},"end":{"line":19,"column":34}},"18":{"start":{"line":20,"column":0},"end":{"line":20,"column":57}},"19":{"start":{"line":21,"column":0},"end":{"line":21,"column":31}},"20":{"start":{"line":22,"column":0},"end":{"line":22,"column":51}},"21":{"start":{"line":23,"column":0},"end":{"line":23,"column":33}},"22":{"start":{"line":24,"column":0},"end":{"line":24,"column":55}},"23":{"start":{"line":27,"column":2},"end":{"line":27,"column":95}},"24":{"start":{"line":27,"column":28},"end":{"line":27,"column":94}},"25":{"start":{"line":28,"column":2},"end":{"line":28,"column":97}},"26":{"start":{"line":28,"column":29},"end":{"line":28,"column":96}},"27":{"start":{"line":29,"column":2},"end":{"line":29,"column":91}},"28":{"start":{"line":29,"column":26},"end":{"line":29,"column":90}},"29":{"start":{"line":30,"column":2},"end":{"line":30,"column":95}},"30":{"start":{"line":30,"column":28},"end":{"line":30,"column":94}},"31":{"start":{"line":31,"column":2},"end":{"line":35,"column":3}},"32":{"start":{"line":32,"column":6},"end":{"line":32,"column":74}},"33":{"start":{"line":33,"column":6},"end":{"line":33,"column":70}},"34":{"start":{"line":34,"column":6},"end":{"line":34,"column":71}},"35":{"start":{"line":39,"column":2},"end":{"line":39,"column":18}},"36":{"start":{"line":40,"column":2},"end":{"line":40,"column":125}},"37":{"start":{"line":40,"column":28},"end":{"line":40,"column":124}},"38":{"start":{"line":41,"column":2},"end":{"line":41,"column":127}},"39":{"start":{"line":41,"column":29},"end":{"line":41,"column":126}},"40":{"start":{"line":42,"column":2},"end":{"line":42,"column":123}},"41":{"start":{"line":42,"column":26},"end":{"line":42,"column":122}},"42":{"start":{"line":43,"column":2},"end":{"line":43,"column":127}},"43":{"start":{"line":43,"column":28},"end":{"line":43,"column":126}},"44":{"start":{"line":47,"column":2},"end":{"line":47,"column":18}},"45":{"start":{"line":48,"column":2},"end":{"line":48,"column":128}},"46":{"start":{"line":48,"column":28},"end":{"line":48,"column":127}},"47":{"start":{"line":49,"column":2},"end":{"line":49,"column":130}},"48":{"start":{"line":49,"column":29},"end":{"line":49,"column":129}},"49":{"start":{"line":50,"column":2},"end":{"line":50,"column":126}},"50":{"start":{"line":50,"column":26},"end":{"line":50,"column":125}},"51":{"start":{"line":51,"column":2},"end":{"line":51,"column":130}},"52":{"start":{"line":51,"column":28},"end":{"line":51,"column":129}},"53":{"start":{"line":55,"column":2},"end":{"line":55,"column":18}},"54":{"start":{"line":58,"column":0},"end":{"line":63,"column":1}}},"fnMap":{"0":{"name":"drawIdle","decl":{"start":{"line":26,"column":9},"end":{"line":26,"column":17}},"loc":{"start":{"line":26,"column":25},"end":{"line":36,"column":1}},"line":26},"1":{"name":"drawWindUpAttack","decl":{"start":{"line":38,"column":9},"end":{"line":38,"column":25}},"loc":{"start":{"line":38,"column":33},"end":{"line":44,"column":1}},"line":38},"2":{"name":"drawAttacking","decl":{"start":{"line":46,"column":9},"end":{"line":46,"column":22}},"loc":{"start":{"line":46,"column":30},"end":{"line":52,"column":1}},"line":46},"3":{"name":"drawWindDownAttack","decl":{"start":{"line":54,"column":9},"end":{"line":54,"column":27}},"loc":{"start":{"line":54,"column":35},"end":{"line":56,"column":1}},"line":54}},"branchMap":{"0":{"loc":{"start":{"line":27,"column":2},"end":{"line":27,"column":95}},"type":"if","locations":[{"start":{"line":27,"column":2},"end":{"line":27,"column":95}},{"start":{"line":27,"column":2},"end":{"line":27,"column":95}}],"line":27},"1":{"loc":{"start":{"line":28,"column":2},"end":{"line":28,"column":97}},"type":"if","locations":[{"start":{"line":28,"column":2},"end":{"line":28,"column":97}},{"start":{"line":28,"column":2},"end":{"line":28,"column":97}}],"line":28},"2":{"loc":{"start":{"line":29,"column":2},"end":{"line":29,"column":91}},"type":"if","locations":[{"start":{"line":29,"column":2},"end":{"line":29,"column":91}},{"start":{"line":29,"column":2},"end":{"line":29,"column":91}}],"line":29},"3":{"loc":{"start":{"line":30,"column":2},"end":{"line":30,"column":95}},"type":"if","locations":[{"start":{"line":30,"column":2},"end":{"line":30,"column":95}},{"start":{"line":30,"column":2},"end":{"line":30,"column":95}}],"line":30},"4":{"loc":{"start":{"line":31,"column":2},"end":{"line":35,"column":3}},"type":"if","locations":[{"start":{"line":31,"column":2},"end":{"line":35,"column":3}},{"start":{"line":31,"column":2},"end":{"line":35,"column":3}}],"line":31},"5":{"loc":{"start":{"line":40,"column":2},"end":{"line":40,"column":125}},"type":"if","locations":[{"start":{"line":40,"column":2},"end":{"line":40,"column":125}},{"start":{"line":40,"column":2},"end":{"line":40,"column":125}}],"line":40},"6":{"loc":{"start":{"line":41,"column":2},"end":{"line":41,"column":127}},"type":"if","locations":[{"start":{"line":41,"column":2},"end":{"line":41,"column":127}},{"start":{"line":41,"column":2},"end":{"line":41,"column":127}}],"line":41},"7":{"loc":{"start":{"line":42,"column":2},"end":{"line":42,"column":123}},"type":"if","locations":[{"start":{"line":42,"column":2},"end":{"line":42,"column":123}},{"start":{"line":42,"column":2},"end":{"line":42,"column":123}}],"line":42},"8":{"loc":{"start":{"line":43,"column":2},"end":{"line":43,"column":127}},"type":"if","locations":[{"start":{"line":43,"column":2},"end":{"line":43,"column":127}},{"start":{"line":43,"column":2},"end":{"line":43,"column":127}}],"line":43},"9":{"loc":{"start":{"line":48,"column":2},"end":{"line":48,"column":128}},"type":"if","locations":[{"start":{"line":48,"column":2},"end":{"line":48,"column":128}},{"start":{"line":48,"column":2},"end":{"line":48,"column":128}}],"line":48},"10":{"loc":{"start":{"line":49,"column":2},"end":{"line":49,"column":130}},"type":"if","locations":[{"start":{"line":49,"column":2},"end":{"line":49,"column":130}},{"start":{"line":49,"column":2},"end":{"line":49,"column":130}}],"line":49},"11":{"loc":{"start":{"line":50,"column":2},"end":{"line":50,"column":126}},"type":"if","locations":[{"start":{"line":50,"column":2},"end":{"line":50,"column":126}},{"start":{"line":50,"column":2},"end":{"line":50,"column":126}}],"line":50},"12":{"loc":{"start":{"line":51,"column":2},"end":{"line":51,"column":130}},"type":"if","locations":[{"start":{"line":51,"column":2},"end":{"line":51,"column":130}},{"start":{"line":51,"column":2},"end":{"line":51,"column":130}}],"line":51}},"s":{"0":1,"1":1,"2":1,"3":1,"4":1,"5":1,"6":1,"7":1,"8":1,"9":1,"10":1,"11":1,"12":1,"13":1,"14":1,"15":1,"16":1,"17":1,"18":1,"19":1,"20":1,"21":1,"22":1,"23":0,"24":0,"25":0,"26":0,"27":0,"28":0,"29":0,"30":0,"31":0,"32":0,"33":0,"34":0,"35":0,"36":0,"37":0,"38":0,"39":0,"40":0,"41":0,"42":0,"43":0,"44":0,"45":0,"46":0,"47":0,"48":0,"49":0,"50":0,"51":0,"52":0,"53":0,"54":1},"f":{"0":0,"1":0,"2":0,"3":0},"b":{"0":[0,0],"1":[0,0],"2":[0,0],"3":[0,0],"4":[0,0],"5":[0,0],"6":[0,0],"7":[0,0],"8":[0,0],"9":[0,0],"10":[0,0],"11":[0,0],"12":[0,0]},"_coverageSchema":"332fd63041d2c1bcb487cc26dd0d5f7d97098a6c","hash":"4d4319dd64582b32bfbf5a182f7e2cf01609fcf6"}
,"/Users/brynach/git/js_canvas_shmup/js/src/enemyManager.js": {"path":"/Users/brynach/git/js_canvas_shmup/js/src/enemyManager.js","statementMap":{"0":{"start":{"line":1,"column":20},"end":{"line":1,"column":43}},"1":{"start":{"line":2,"column":25},"end":{"line":2,"column":53}},"2":{"start":{"line":4,"column":14},"end":{"line":4,"column":16}},"3":{"start":{"line":5,"column":15},"end":{"line":5,"column":17}},"4":{"start":{"line":6,"column":14},"end":{"line":6,"column":15}},"5":{"start":{"line":8,"column":11},"end":{"line":8,"column":15}},"6":{"start":{"line":9,"column":13},"end":{"line":9,"column":19}},"7":{"start":{"line":10,"column":13},"end":{"line":10,"column":19}},"8":{"start":{"line":11,"column":14},"end":{"line":11,"column":21}},"9":{"start":{"line":13,"column":14},"end":{"line":13,"column":16}},"10":{"start":{"line":16,"column":2},"end":{"line":16,"column":33}},"11":{"start":{"line":20,"column":2},"end":{"line":20,"column":16}},"12":{"start":{"line":24,"column":2},"end":{"line":29,"column":8}},"13":{"start":{"line":33,"column":14},"end":{"line":33,"column":70}},"14":{"start":{"line":33,"column":35},"end":{"line":33,"column":43}},"15":{"start":{"line":34,"column":2},"end":{"line":34,"column":26}},"16":{"start":{"line":38,"column":2},"end":{"line":38,"column":28}},"17":{"start":{"line":39,"column":2},"end":{"line":39,"column":52}},"18":{"start":{"line":43,"column":2},"end":{"line":43,"column":65}},"19":{"start":{"line":44,"column":2},"end":{"line":44,"column":65}},"20":{"start":{"line":45,"column":2},"end":{"line":61,"column":3}},"21":{"start":{"line":46,"column":4},"end":{"line":52,"column":5}},"22":{"start":{"line":47,"column":6},"end":{"line":47,"column":26}},"23":{"start":{"line":48,"column":6},"end":{"line":48,"column":103}},"24":{"start":{"line":50,"column":6},"end":{"line":50,"column":27}},"25":{"start":{"line":51,"column":6},"end":{"line":51,"column":108}},"26":{"start":{"line":54,"column":4},"end":{"line":60,"column":5}},"27":{"start":{"line":55,"column":6},"end":{"line":55,"column":24}},"28":{"start":{"line":56,"column":6},"end":{"line":56,"column":102}},"29":{"start":{"line":58,"column":6},"end":{"line":58,"column":26}},"30":{"start":{"line":59,"column":6},"end":{"line":59,"column":107}},"31":{"start":{"line":65,"column":2},"end":{"line":65,"column":38}},"32":{"start":{"line":66,"column":2},"end":{"line":68,"column":3}},"33":{"start":{"line":67,"column":4},"end":{"line":67,"column":32}},"34":{"start":{"line":69,"column":2},"end":{"line":71,"column":3}},"35":{"start":{"line":70,"column":4},"end":{"line":70,"column":33}},"36":{"start":{"line":72,"column":2},"end":{"line":74,"column":3}},"37":{"start":{"line":73,"column":4},"end":{"line":73,"column":32}},"38":{"start":{"line":75,"column":2},"end":{"line":77,"column":3}},"39":{"start":{"line":76,"column":4},"end":{"line":76,"column":33}},"40":{"start":{"line":81,"column":2},"end":{"line":81,"column":20}},"41":{"start":{"line":82,"column":2},"end":{"line":82,"column":41}},"42":{"start":{"line":83,"column":2},"end":{"line":83,"column":37}},"43":{"start":{"line":84,"column":2},"end":{"line":84,"column":38}},"44":{"start":{"line":85,"column":2},"end":{"line":85,"column":20}},"45":{"start":{"line":86,"column":2},"end":{"line":86,"column":41}},"46":{"start":{"line":87,"column":2},"end":{"line":87,"column":37}},"47":{"start":{"line":88,"column":2},"end":{"line":88,"column":38}},"48":{"start":{"line":92,"column":2},"end":{"line":92,"column":25}},"49":{"start":{"line":93,"column":2},"end":{"line":98,"column":3}},"50":{"start":{"line":94,"column":4},"end":{"line":94,"column":33}},"51":{"start":{"line":95,"column":4},"end":{"line":97,"column":5}},"52":{"start":{"line":96,"column":6},"end":{"line":96,"column":62}},"53":{"start":{"line":101,"column":0},"end":{"line":110,"column":1}}},"fnMap":{"0":{"name":"addEnemy","decl":{"start":{"line":15,"column":9},"end":{"line":15,"column":17}},"loc":{"start":{"line":15,"column":25},"end":{"line":17,"column":1}},"line":15},"1":{"name":"getEnemies","decl":{"start":{"line":19,"column":9},"end":{"line":19,"column":19}},"loc":{"start":{"line":19,"column":23},"end":{"line":21,"column":1}},"line":19},"2":{"name":"createEnemy","decl":{"start":{"line":23,"column":9},"end":{"line":23,"column":20}},"loc":{"start":{"line":23,"column":30},"end":{"line":30,"column":1}},"line":23},"3":{"name":"removeEnemy","decl":{"start":{"line":32,"column":9},"end":{"line":32,"column":20}},"loc":{"start":{"line":32,"column":37},"end":{"line":35,"column":1}},"line":32},"4":{"name":"(anonymous_4)","decl":{"start":{"line":33,"column":26},"end":{"line":33,"column":27}},"loc":{"start":{"line":33,"column":35},"end":{"line":33,"column":43}},"line":33},"5":{"name":"removeAndReplaceEnemy","decl":{"start":{"line":37,"column":9},"end":{"line":37,"column":30}},"loc":{"start":{"line":37,"column":47},"end":{"line":40,"column":1}},"line":37},"6":{"name":"updateEnemyDirection","decl":{"start":{"line":42,"column":9},"end":{"line":42,"column":29}},"loc":{"start":{"line":42,"column":45},"end":{"line":62,"column":1}},"line":42},"7":{"name":"moveEnemyToward","decl":{"start":{"line":64,"column":9},"end":{"line":64,"column":24}},"loc":{"start":{"line":64,"column":40},"end":{"line":78,"column":1}},"line":64},"8":{"name":"move","decl":{"start":{"line":80,"column":9},"end":{"line":80,"column":13}},"loc":{"start":{"line":80,"column":37},"end":{"line":89,"column":1}},"line":80},"9":{"name":"hitEnemy","decl":{"start":{"line":91,"column":9},"end":{"line":91,"column":17}},"loc":{"start":{"line":91,"column":33},"end":{"line":99,"column":1}},"line":91}},"branchMap":{"0":{"loc":{"start":{"line":45,"column":2},"end":{"line":61,"column":3}},"type":"if","locations":[{"start":{"line":45,"column":2},"end":{"line":61,"column":3}},{"start":{"line":45,"column":2},"end":{"line":61,"column":3}}],"line":45},"1":{"loc":{"start":{"line":46,"column":4},"end":{"line":52,"column":5}},"type":"if","locations":[{"start":{"line":46,"column":4},"end":{"line":52,"column":5}},{"start":{"line":46,"column":4},"end":{"line":52,"column":5}}],"line":46},"2":{"loc":{"start":{"line":54,"column":4},"end":{"line":60,"column":5}},"type":"if","locations":[{"start":{"line":54,"column":4},"end":{"line":60,"column":5}},{"start":{"line":54,"column":4},"end":{"line":60,"column":5}}],"line":54},"3":{"loc":{"start":{"line":66,"column":2},"end":{"line":68,"column":3}},"type":"if","locations":[{"start":{"line":66,"column":2},"end":{"line":68,"column":3}},{"start":{"line":66,"column":2},"end":{"line":68,"column":3}}],"line":66},"4":{"loc":{"start":{"line":69,"column":2},"end":{"line":71,"column":3}},"type":"if","locations":[{"start":{"line":69,"column":2},"end":{"line":71,"column":3}},{"start":{"line":69,"column":2},"end":{"line":71,"column":3}}],"line":69},"5":{"loc":{"start":{"line":72,"column":2},"end":{"line":74,"column":3}},"type":"if","locations":[{"start":{"line":72,"column":2},"end":{"line":74,"column":3}},{"start":{"line":72,"column":2},"end":{"line":74,"column":3}}],"line":72},"6":{"loc":{"start":{"line":75,"column":2},"end":{"line":77,"column":3}},"type":"if","locations":[{"start":{"line":75,"column":2},"end":{"line":77,"column":3}},{"start":{"line":75,"column":2},"end":{"line":77,"column":3}}],"line":75},"7":{"loc":{"start":{"line":93,"column":2},"end":{"line":98,"column":3}},"type":"if","locations":[{"start":{"line":93,"column":2},"end":{"line":98,"column":3}},{"start":{"line":93,"column":2},"end":{"line":98,"column":3}}],"line":93},"8":{"loc":{"start":{"line":95,"column":4},"end":{"line":97,"column":5}},"type":"if","locations":[{"start":{"line":95,"column":4},"end":{"line":97,"column":5}},{"start":{"line":95,"column":4},"end":{"line":97,"column":5}}],"line":95}},"s":{"0":2,"1":2,"2":2,"3":2,"4":2,"5":2,"6":2,"7":2,"8":2,"9":2,"10":4,"11":14,"12":4,"13":3,"14":4,"15":3,"16":0,"17":0,"18":0,"19":0,"20":0,"21":0,"22":0,"23":0,"24":0,"25":0,"26":0,"27":0,"28":0,"29":0,"30":0,"31":0,"32":0,"33":0,"34":0,"35":0,"36":0,"37":0,"38":0,"39":0,"40":0,"41":0,"42":0,"43":0,"44":0,"45":0,"46":0,"47":0,"48":0,"49":0,"50":0,"51":0,"52":0,"53":2},"f":{"0":4,"1":14,"2":4,"3":3,"4":4,"5":0,"6":0,"7":0,"8":0,"9":0},"b":{"0":[0,0],"1":[0,0],"2":[0,0],"3":[0,0],"4":[0,0],"5":[0,0],"6":[0,0],"7":[0,0],"8":[0,0]},"_coverageSchema":"332fd63041d2c1bcb487cc26dd0d5f7d97098a6c","hash":"36478ababf623685b1cd37f638a5ecfe8f4a629a"}
,"/Users/brynach/git/js_canvas_shmup/js/src/enemyService.js": {"path":"/Users/brynach/git/js_canvas_shmup/js/src/enemyService.js","statementMap":{"0":{"start":{"line":1,"column":19},"end":{"line":1,"column":47}},"1":{"start":{"line":2,"column":19},"end":{"line":2,"column":41}},"2":{"start":{"line":3,"column":18},"end":{"line":3,"column":45}},"3":{"start":{"line":4,"column":31},"end":{"line":4,"column":65}},"4":{"start":{"line":5,"column":18},"end":{"line":5,"column":45}},"5":{"start":{"line":8,"column":2},"end":{"line":8,"column":34}},"6":{"start":{"line":12,"column":2},"end":{"line":12,"column":29}},"7":{"start":{"line":16,"column":2},"end":{"line":16,"column":38}},"8":{"start":{"line":20,"column":2},"end":{"line":20,"column":36}},"9":{"start":{"line":21,"column":2},"end":{"line":21,"column":33}},"10":{"start":{"line":22,"column":2},"end":{"line":22,"column":34}},"11":{"start":{"line":23,"column":2},"end":{"line":23,"column":15}},"12":{"start":{"line":24,"column":2},"end":{"line":24,"column":82}},"13":{"start":{"line":24,"column":27},"end":{"line":24,"column":39}},"14":{"start":{"line":24,"column":54},"end":{"line":24,"column":81}},"15":{"start":{"line":25,"column":2},"end":{"line":25,"column":105}},"16":{"start":{"line":25,"column":27},"end":{"line":25,"column":38}},"17":{"start":{"line":25,"column":53},"end":{"line":25,"column":104}},"18":{"start":{"line":29,"column":2},"end":{"line":29,"column":164}},"19":{"start":{"line":29,"column":31},"end":{"line":29,"column":128}},"20":{"start":{"line":29,"column":144},"end":{"line":29,"column":162}},"21":{"start":{"line":33,"column":2},"end":{"line":33,"column":165}},"22":{"start":{"line":33,"column":31},"end":{"line":33,"column":125}},"23":{"start":{"line":33,"column":141},"end":{"line":33,"column":163}},"24":{"start":{"line":37,"column":2},"end":{"line":37,"column":162}},"25":{"start":{"line":37,"column":31},"end":{"line":37,"column":125}},"26":{"start":{"line":37,"column":141},"end":{"line":37,"column":160}},"27":{"start":{"line":41,"column":21},"end":{"line":41,"column":54}},"28":{"start":{"line":41,"column":46},"end":{"line":41,"column":53}},"29":{"start":{"line":42,"column":2},"end":{"line":42,"column":116}},"30":{"start":{"line":42,"column":27},"end":{"line":42,"column":39}},"31":{"start":{"line":42,"column":54},"end":{"line":42,"column":115}},"32":{"start":{"line":45,"column":0},"end":{"line":50,"column":1}}},"fnMap":{"0":{"name":"getEnemies","decl":{"start":{"line":7,"column":9},"end":{"line":7,"column":19}},"loc":{"start":{"line":7,"column":23},"end":{"line":9,"column":1}},"line":7},"1":{"name":"addEnemy","decl":{"start":{"line":11,"column":9},"end":{"line":11,"column":17}},"loc":{"start":{"line":11,"column":25},"end":{"line":13,"column":1}},"line":11},"2":{"name":"damageEnemy","decl":{"start":{"line":15,"column":9},"end":{"line":15,"column":20}},"loc":{"start":{"line":15,"column":37},"end":{"line":17,"column":1}},"line":15},"3":{"name":"updateEnemies","decl":{"start":{"line":19,"column":9},"end":{"line":19,"column":22}},"loc":{"start":{"line":19,"column":26},"end":{"line":26,"column":1}},"line":19},"4":{"name":"(anonymous_4)","decl":{"start":{"line":24,"column":22},"end":{"line":24,"column":23}},"loc":{"start":{"line":24,"column":27},"end":{"line":24,"column":39}},"line":24},"5":{"name":"(anonymous_5)","decl":{"start":{"line":24,"column":45},"end":{"line":24,"column":46}},"loc":{"start":{"line":24,"column":54},"end":{"line":24,"column":81}},"line":24},"6":{"name":"(anonymous_6)","decl":{"start":{"line":25,"column":22},"end":{"line":25,"column":23}},"loc":{"start":{"line":25,"column":27},"end":{"line":25,"column":38}},"line":25},"7":{"name":"(anonymous_7)","decl":{"start":{"line":25,"column":44},"end":{"line":25,"column":45}},"loc":{"start":{"line":25,"column":53},"end":{"line":25,"column":104}},"line":25},"8":{"name":"playerEnemyDetectionBoxCollision","decl":{"start":{"line":28,"column":9},"end":{"line":28,"column":41}},"loc":{"start":{"line":28,"column":45},"end":{"line":30,"column":1}},"line":28},"9":{"name":"(anonymous_9)","decl":{"start":{"line":29,"column":22},"end":{"line":29,"column":23}},"loc":{"start":{"line":29,"column":31},"end":{"line":29,"column":128}},"line":29},"10":{"name":"(anonymous_10)","decl":{"start":{"line":29,"column":134},"end":{"line":29,"column":135}},"loc":{"start":{"line":29,"column":144},"end":{"line":29,"column":162}},"line":29},"11":{"name":"playerEnemyAttackBoxCollision","decl":{"start":{"line":32,"column":9},"end":{"line":32,"column":38}},"loc":{"start":{"line":32,"column":42},"end":{"line":34,"column":1}},"line":32},"12":{"name":"(anonymous_12)","decl":{"start":{"line":33,"column":22},"end":{"line":33,"column":23}},"loc":{"start":{"line":33,"column":31},"end":{"line":33,"column":125}},"line":33},"13":{"name":"(anonymous_13)","decl":{"start":{"line":33,"column":131},"end":{"line":33,"column":132}},"loc":{"start":{"line":33,"column":141},"end":{"line":33,"column":163}},"line":33},"14":{"name":"playerEnemyDeaggroBoxCollision","decl":{"start":{"line":36,"column":9},"end":{"line":36,"column":39}},"loc":{"start":{"line":36,"column":43},"end":{"line":38,"column":1}},"line":36},"15":{"name":"(anonymous_15)","decl":{"start":{"line":37,"column":22},"end":{"line":37,"column":23}},"loc":{"start":{"line":37,"column":31},"end":{"line":37,"column":125}},"line":37},"16":{"name":"(anonymous_16)","decl":{"start":{"line":37,"column":131},"end":{"line":37,"column":132}},"loc":{"start":{"line":37,"column":141},"end":{"line":37,"column":160}},"line":37},"17":{"name":"moveEnemies","decl":{"start":{"line":40,"column":9},"end":{"line":40,"column":20}},"loc":{"start":{"line":40,"column":24},"end":{"line":43,"column":1}},"line":40},"18":{"name":"(anonymous_18)","decl":{"start":{"line":41,"column":41},"end":{"line":41,"column":42}},"loc":{"start":{"line":41,"column":46},"end":{"line":41,"column":53}},"line":41},"19":{"name":"(anonymous_19)","decl":{"start":{"line":42,"column":22},"end":{"line":42,"column":23}},"loc":{"start":{"line":42,"column":27},"end":{"line":42,"column":39}},"line":42},"20":{"name":"(anonymous_20)","decl":{"start":{"line":42,"column":45},"end":{"line":42,"column":46}},"loc":{"start":{"line":42,"column":54},"end":{"line":42,"column":115}},"line":42}},"branchMap":{},"s":{"0":1,"1":1,"2":1,"3":1,"4":1,"5":19,"6":1,"7":1,"8":3,"9":3,"10":3,"11":3,"12":3,"13":3,"14":2,"15":3,"16":3,"17":1,"18":3,"19":3,"20":1,"21":3,"22":3,"23":1,"24":3,"25":3,"26":2,"27":3,"28":3,"29":3,"30":1,"31":1,"32":1},"f":{"0":19,"1":1,"2":1,"3":3,"4":3,"5":2,"6":3,"7":1,"8":3,"9":3,"10":1,"11":3,"12":3,"13":1,"14":3,"15":3,"16":2,"17":3,"18":3,"19":1,"20":1},"b":{},"_coverageSchema":"332fd63041d2c1bcb487cc26dd0d5f7d97098a6c","hash":"e7b78e4677ff8a3bc00ffd8b79197b8a979687e3"}
,"/Users/brynach/git/js_canvas_shmup/js/src/pebblePickup.js": {"path":"/Users/brynach/git/js_canvas_shmup/js/src/pebblePickup.js","statementMap":{"0":{"start":{"line":1,"column":18},"end":{"line":1,"column":38}},"1":{"start":{"line":2,"column":21},"end":{"line":2,"column":44}},"2":{"start":{"line":4,"column":14},"end":{"line":4,"column":16}},"3":{"start":{"line":4,"column":27},"end":{"line":4,"column":29}},"4":{"start":{"line":6,"column":0},"end":{"line":6,"column":35}},"5":{"start":{"line":7,"column":0},"end":{"line":7,"column":54}},"6":{"start":{"line":9,"column":20},"end":{"line":9,"column":22}},"7":{"start":{"line":12,"column":2},"end":{"line":12,"column":46}},"8":{"start":{"line":16,"column":14},"end":{"line":16,"column":61}},"9":{"start":{"line":16,"column":37},"end":{"line":16,"column":41}},"10":{"start":{"line":17,"column":2},"end":{"line":17,"column":32}},"11":{"start":{"line":21,"column":2},"end":{"line":21,"column":110}},"12":{"start":{"line":25,"column":2},"end":{"line":27,"column":3}},"13":{"start":{"line":26,"column":4},"end":{"line":26,"column":72}},"14":{"start":{"line":30,"column":0},"end":{"line":36,"column":1}}},"fnMap":{"0":{"name":"addToPebblePickups","decl":{"start":{"line":11,"column":9},"end":{"line":11,"column":27}},"loc":{"start":{"line":11,"column":34},"end":{"line":13,"column":1}},"line":11},"1":{"name":"removeFromPebblePickups","decl":{"start":{"line":15,"column":9},"end":{"line":15,"column":32}},"loc":{"start":{"line":15,"column":41},"end":{"line":18,"column":1}},"line":15},"2":{"name":"(anonymous_2)","decl":{"start":{"line":16,"column":32},"end":{"line":16,"column":33}},"loc":{"start":{"line":16,"column":37},"end":{"line":16,"column":41}},"line":16},"3":{"name":"createPebblePickup","decl":{"start":{"line":20,"column":9},"end":{"line":20,"column":27}},"loc":{"start":{"line":20,"column":36},"end":{"line":22,"column":1}},"line":20},"4":{"name":"drawPebblePickup","decl":{"start":{"line":24,"column":9},"end":{"line":24,"column":25}},"loc":{"start":{"line":24,"column":31},"end":{"line":28,"column":1}},"line":24}},"branchMap":{},"s":{"0":2,"1":2,"2":2,"3":2,"4":2,"5":2,"6":2,"7":0,"8":0,"9":0,"10":0,"11":0,"12":0,"13":0,"14":2},"f":{"0":0,"1":0,"2":0,"3":0,"4":0},"b":{},"_coverageSchema":"332fd63041d2c1bcb487cc26dd0d5f7d97098a6c","hash":"f1122b8aafde1b72bfa0cd1836316a54b02955de"}
,"/Users/brynach/git/js_canvas_shmup/js/src/player.js": {"path":"/Users/brynach/git/js_canvas_shmup/js/src/player.js","statementMap":{"0":{"start":{"line":1,"column":20},"end":{"line":1,"column":48}},"1":{"start":{"line":2,"column":22},"end":{"line":2,"column":52}},"2":{"start":{"line":3,"column":20},"end":{"line":3,"column":48}},"3":{"start":{"line":5,"column":14},"end":{"line":5,"column":16}},"4":{"start":{"line":5,"column":27},"end":{"line":5,"column":29}},"5":{"start":{"line":5,"column":39},"end":{"line":5,"column":41}},"6":{"start":{"line":5,"column":58},"end":{"line":5,"column":60}},"7":{"start":{"line":7,"column":28},"end":{"line":7,"column":32}},"8":{"start":{"line":7,"column":47},"end":{"line":7,"column":48}},"9":{"start":{"line":9,"column":0},"end":{"line":9,"column":18}},"10":{"start":{"line":12,"column":11},"end":{"line":12,"column":15}},"11":{"start":{"line":12,"column":24},"end":{"line":12,"column":30}},"12":{"start":{"line":12,"column":39},"end":{"line":12,"column":45}},"13":{"start":{"line":12,"column":55},"end":{"line":12,"column":62}},"14":{"start":{"line":15,"column":13},"end":{"line":15,"column":19}},"15":{"start":{"line":15,"column":33},"end":{"line":15,"column":44}},"16":{"start":{"line":15,"column":61},"end":{"line":15,"column":75}},"17":{"start":{"line":18,"column":2},"end":{"line":20,"column":17}},"18":{"start":{"line":24,"column":2},"end":{"line":26,"column":3}},"19":{"start":{"line":25,"column":4},"end":{"line":25,"column":18}},"20":{"start":{"line":27,"column":2},"end":{"line":27,"column":16}},"21":{"start":{"line":31,"column":2},"end":{"line":31,"column":17}},"22":{"start":{"line":32,"column":2},"end":{"line":32,"column":15}},"23":{"start":{"line":33,"column":2},"end":{"line":33,"column":33}},"24":{"start":{"line":37,"column":2},"end":{"line":37,"column":16}},"25":{"start":{"line":41,"column":2},"end":{"line":41,"column":15}},"26":{"start":{"line":45,"column":2},"end":{"line":45,"column":25}},"27":{"start":{"line":49,"column":2},"end":{"line":49,"column":20}},"28":{"start":{"line":53,"column":2},"end":{"line":53,"column":22}},"29":{"start":{"line":57,"column":2},"end":{"line":57,"column":18}},"30":{"start":{"line":58,"column":2},"end":{"line":62,"column":3}},"31":{"start":{"line":61,"column":4},"end":{"line":61,"column":18}},"32":{"start":{"line":66,"column":2},"end":{"line":69,"column":3}},"33":{"start":{"line":67,"column":4},"end":{"line":67,"column":28}},"34":{"start":{"line":68,"column":4},"end":{"line":68,"column":33}},"35":{"start":{"line":70,"column":2},"end":{"line":70,"column":72}},"36":{"start":{"line":71,"column":2},"end":{"line":71,"column":72}},"37":{"start":{"line":72,"column":2},"end":{"line":72,"column":35}},"38":{"start":{"line":76,"column":2},"end":{"line":76,"column":27}},"39":{"start":{"line":79,"column":0},"end":{"line":90,"column":1}}},"fnMap":{"0":{"name":"createPlayer","decl":{"start":{"line":17,"column":9},"end":{"line":17,"column":21}},"loc":{"start":{"line":17,"column":30},"end":{"line":21,"column":1}},"line":17},"1":{"name":"getPlayer","decl":{"start":{"line":23,"column":9},"end":{"line":23,"column":18}},"loc":{"start":{"line":23,"column":20},"end":{"line":28,"column":1}},"line":23},"2":{"name":"resetPlayer","decl":{"start":{"line":30,"column":9},"end":{"line":30,"column":20}},"loc":{"start":{"line":30,"column":23},"end":{"line":34,"column":1}},"line":30},"3":{"name":"getHealth","decl":{"start":{"line":36,"column":9},"end":{"line":36,"column":18}},"loc":{"start":{"line":36,"column":21},"end":{"line":38,"column":1}},"line":36},"4":{"name":"getAlive","decl":{"start":{"line":40,"column":9},"end":{"line":40,"column":17}},"loc":{"start":{"line":40,"column":20},"end":{"line":42,"column":1}},"line":40},"5":{"name":"setAlive","decl":{"start":{"line":44,"column":9},"end":{"line":44,"column":17}},"loc":{"start":{"line":44,"column":27},"end":{"line":46,"column":1}},"line":44},"6":{"name":"getExperience","decl":{"start":{"line":48,"column":9},"end":{"line":48,"column":22}},"loc":{"start":{"line":48,"column":25},"end":{"line":50,"column":1}},"line":48},"7":{"name":"addExperience","decl":{"start":{"line":52,"column":9},"end":{"line":52,"column":22}},"loc":{"start":{"line":52,"column":30},"end":{"line":54,"column":1}},"line":52},"8":{"name":"updateHealth","decl":{"start":{"line":56,"column":9},"end":{"line":56,"column":21}},"loc":{"start":{"line":56,"column":29},"end":{"line":63,"column":1}},"line":56},"9":{"name":"updatePlayer","decl":{"start":{"line":65,"column":9},"end":{"line":65,"column":21}},"loc":{"start":{"line":65,"column":57},"end":{"line":73,"column":1}},"line":65},"10":{"name":"attack","decl":{"start":{"line":75,"column":9},"end":{"line":75,"column":15}},"loc":{"start":{"line":75,"column":18},"end":{"line":77,"column":1}},"line":75}},"branchMap":{"0":{"loc":{"start":{"line":24,"column":2},"end":{"line":26,"column":3}},"type":"if","locations":[{"start":{"line":24,"column":2},"end":{"line":26,"column":3}},{"start":{"line":24,"column":2},"end":{"line":26,"column":3}}],"line":24},"1":{"loc":{"start":{"line":58,"column":2},"end":{"line":62,"column":3}},"type":"if","locations":[{"start":{"line":58,"column":2},"end":{"line":62,"column":3}},{"start":{"line":58,"column":2},"end":{"line":62,"column":3}}],"line":58},"2":{"loc":{"start":{"line":66,"column":2},"end":{"line":69,"column":3}},"type":"if","locations":[{"start":{"line":66,"column":2},"end":{"line":69,"column":3}},{"start":{"line":66,"column":2},"end":{"line":69,"column":3}}],"line":66},"3":{"loc":{"start":{"line":66,"column":5},"end":{"line":66,"column":64}},"type":"binary-expr","locations":[{"start":{"line":66,"column":5},"end":{"line":66,"column":31}},{"start":{"line":66,"column":35},"end":{"line":66,"column":64}}],"line":66}},"s":{"0":1,"1":1,"2":1,"3":1,"4":1,"5":1,"6":1,"7":1,"8":1,"9":1,"10":1,"11":1,"12":1,"13":1,"14":1,"15":1,"16":1,"17":0,"18":0,"19":0,"20":0,"21":0,"22":0,"23":0,"24":0,"25":0,"26":0,"27":0,"28":0,"29":0,"30":0,"31":0,"32":0,"33":0,"34":0,"35":0,"36":0,"37":0,"38":0,"39":1},"f":{"0":0,"1":0,"2":0,"3":0,"4":0,"5":0,"6":0,"7":0,"8":0,"9":0,"10":0},"b":{"0":[0,0],"1":[0,0],"2":[0,0],"3":[0,0]},"_coverageSchema":"332fd63041d2c1bcb487cc26dd0d5f7d97098a6c","hash":"7bbc7b14a4770aec45f9ba433936801321fe2e30"}
,"/Users/brynach/git/js_canvas_shmup/js/src/playerAttack.js": {"path":"/Users/brynach/git/js_canvas_shmup/js/src/playerAttack.js","statementMap":{"0":{"start":{"line":1,"column":20},"end":{"line":1,"column":48}},"1":{"start":{"line":2,"column":20},"end":{"line":2,"column":48}},"2":{"start":{"line":3,"column":33},"end":{"line":3,"column":67}},"3":{"start":{"line":5,"column":13},"end":{"line":5,"column":19}},"4":{"start":{"line":5,"column":33},"end":{"line":5,"column":44}},"5":{"start":{"line":5,"column":61},"end":{"line":5,"column":75}},"6":{"start":{"line":8,"column":25},"end":{"line":8,"column":52}},"7":{"start":{"line":9,"column":4},"end":{"line":24,"column":5}},"8":{"start":{"line":11,"column":8},"end":{"line":11,"column":26}},"9":{"start":{"line":12,"column":8},"end":{"line":12,"column":14}},"10":{"start":{"line":14,"column":8},"end":{"line":14,"column":26}},"11":{"start":{"line":15,"column":8},"end":{"line":15,"column":14}},"12":{"start":{"line":17,"column":8},"end":{"line":17,"column":28}},"13":{"start":{"line":18,"column":8},"end":{"line":18,"column":14}},"14":{"start":{"line":20,"column":8},"end":{"line":20,"column":28}},"15":{"start":{"line":21,"column":8},"end":{"line":21,"column":26}},"16":{"start":{"line":22,"column":8},"end":{"line":22,"column":28}},"17":{"start":{"line":23,"column":8},"end":{"line":23,"column":14}},"18":{"start":{"line":25,"column":4},"end":{"line":25,"column":24}},"19":{"start":{"line":26,"column":4},"end":{"line":26,"column":54}},"20":{"start":{"line":30,"column":4},"end":{"line":30,"column":43}},"21":{"start":{"line":31,"column":4},"end":{"line":31,"column":29}},"22":{"start":{"line":35,"column":4},"end":{"line":35,"column":40}},"23":{"start":{"line":36,"column":4},"end":{"line":36,"column":29}},"24":{"start":{"line":37,"column":4},"end":{"line":38,"column":90}},"25":{"start":{"line":37,"column":38},"end":{"line":37,"column":105}},"26":{"start":{"line":38,"column":39},"end":{"line":38,"column":66}},"27":{"start":{"line":38,"column":77},"end":{"line":38,"column":88}},"28":{"start":{"line":42,"column":4},"end":{"line":42,"column":38}},"29":{"start":{"line":43,"column":4},"end":{"line":43,"column":29}},"30":{"start":{"line":47,"column":4},"end":{"line":47,"column":32}},"31":{"start":{"line":50,"column":2},"end":{"line":52,"column":3}}},"fnMap":{"0":{"name":"attack","decl":{"start":{"line":7,"column":9},"end":{"line":7,"column":15}},"loc":{"start":{"line":7,"column":24},"end":{"line":27,"column":3}},"line":7},"1":{"name":"windingUp","decl":{"start":{"line":29,"column":11},"end":{"line":29,"column":20}},"loc":{"start":{"line":29,"column":28},"end":{"line":32,"column":3}},"line":29},"2":{"name":"attacking","decl":{"start":{"line":34,"column":11},"end":{"line":34,"column":20}},"loc":{"start":{"line":34,"column":29},"end":{"line":39,"column":3}},"line":34},"3":{"name":"(anonymous_3)","decl":{"start":{"line":37,"column":33},"end":{"line":37,"column":34}},"loc":{"start":{"line":37,"column":38},"end":{"line":37,"column":105}},"line":37},"4":{"name":"(anonymous_4)","decl":{"start":{"line":38,"column":34},"end":{"line":38,"column":35}},"loc":{"start":{"line":38,"column":39},"end":{"line":38,"column":66}},"line":38},"5":{"name":"(anonymous_5)","decl":{"start":{"line":38,"column":72},"end":{"line":38,"column":73}},"loc":{"start":{"line":38,"column":77},"end":{"line":38,"column":88}},"line":38},"6":{"name":"hitEnemy","decl":{"start":{"line":41,"column":11},"end":{"line":41,"column":19}},"loc":{"start":{"line":41,"column":27},"end":{"line":44,"column":3}},"line":41},"7":{"name":"windingDown","decl":{"start":{"line":46,"column":11},"end":{"line":46,"column":22}},"loc":{"start":{"line":46,"column":31},"end":{"line":48,"column":3}},"line":46}},"branchMap":{"0":{"loc":{"start":{"line":9,"column":4},"end":{"line":24,"column":5}},"type":"switch","locations":[{"start":{"line":10,"column":6},"end":{"line":12,"column":14}},{"start":{"line":13,"column":6},"end":{"line":15,"column":14}},{"start":{"line":16,"column":6},"end":{"line":18,"column":14}},{"start":{"line":19,"column":6},"end":{"line":23,"column":14}}],"line":9}},"s":{"0":1,"1":1,"2":1,"3":1,"4":1,"5":1,"6":0,"7":0,"8":0,"9":0,"10":0,"11":0,"12":0,"13":0,"14":0,"15":0,"16":0,"17":0,"18":0,"19":0,"20":0,"21":0,"22":0,"23":0,"24":0,"25":0,"26":0,"27":0,"28":0,"29":0,"30":0,"31":1},"f":{"0":0,"1":0,"2":0,"3":0,"4":0,"5":0,"6":0,"7":0},"b":{"0":[0,0,0,0]},"_coverageSchema":"332fd63041d2c1bcb487cc26dd0d5f7d97098a6c","hash":"e46b0df4aeb58a6894aa0ab43e4678a5539a5495"}
,"/Users/brynach/git/js_canvas_shmup/js/src/playerDrawer.js": {"path":"/Users/brynach/git/js_canvas_shmup/js/src/playerDrawer.js","statementMap":{"0":{"start":{"line":1,"column":18},"end":{"line":1,"column":38}},"1":{"start":{"line":3,"column":11},"end":{"line":3,"column":15}},"2":{"start":{"line":3,"column":24},"end":{"line":3,"column":30}},"3":{"start":{"line":3,"column":39},"end":{"line":3,"column":45}},"4":{"start":{"line":3,"column":55},"end":{"line":3,"column":62}},"5":{"start":{"line":5,"column":0},"end":{"line":5,"column":34}},"6":{"start":{"line":6,"column":0},"end":{"line":6,"column":59}},"7":{"start":{"line":7,"column":0},"end":{"line":7,"column":33}},"8":{"start":{"line":8,"column":0},"end":{"line":8,"column":57}},"9":{"start":{"line":9,"column":0},"end":{"line":9,"column":31}},"10":{"start":{"line":10,"column":0},"end":{"line":10,"column":53}},"11":{"start":{"line":11,"column":0},"end":{"line":11,"column":33}},"12":{"start":{"line":12,"column":0},"end":{"line":12,"column":57}},"13":{"start":{"line":14,"column":0},"end":{"line":14,"column":33}},"14":{"start":{"line":15,"column":0},"end":{"line":15,"column":55}},"15":{"start":{"line":16,"column":0},"end":{"line":16,"column":34}},"16":{"start":{"line":17,"column":0},"end":{"line":17,"column":57}},"17":{"start":{"line":18,"column":0},"end":{"line":18,"column":31}},"18":{"start":{"line":19,"column":0},"end":{"line":19,"column":51}},"19":{"start":{"line":20,"column":0},"end":{"line":20,"column":33}},"20":{"start":{"line":21,"column":0},"end":{"line":21,"column":55}},"21":{"start":{"line":24,"column":4},"end":{"line":24,"column":136}},"22":{"start":{"line":24,"column":32},"end":{"line":24,"column":135}},"23":{"start":{"line":25,"column":4},"end":{"line":25,"column":134}},"24":{"start":{"line":25,"column":31},"end":{"line":25,"column":133}},"25":{"start":{"line":26,"column":4},"end":{"line":26,"column":132}},"26":{"start":{"line":26,"column":29},"end":{"line":26,"column":131}},"27":{"start":{"line":27,"column":4},"end":{"line":27,"column":136}},"28":{"start":{"line":27,"column":31},"end":{"line":27,"column":135}},"29":{"start":{"line":31,"column":4},"end":{"line":31,"column":133}},"30":{"start":{"line":31,"column":32},"end":{"line":31,"column":132}},"31":{"start":{"line":32,"column":4},"end":{"line":32,"column":131}},"32":{"start":{"line":32,"column":31},"end":{"line":32,"column":130}},"33":{"start":{"line":33,"column":4},"end":{"line":33,"column":129}},"34":{"start":{"line":33,"column":29},"end":{"line":33,"column":128}},"35":{"start":{"line":34,"column":4},"end":{"line":34,"column":133}},"36":{"start":{"line":34,"column":31},"end":{"line":34,"column":132}},"37":{"start":{"line":38,"column":4},"end":{"line":40,"column":5}},"38":{"start":{"line":39,"column":6},"end":{"line":39,"column":75}},"39":{"start":{"line":41,"column":4},"end":{"line":43,"column":5}},"40":{"start":{"line":42,"column":6},"end":{"line":42,"column":74}},"41":{"start":{"line":44,"column":4},"end":{"line":46,"column":5}},"42":{"start":{"line":45,"column":6},"end":{"line":45,"column":74}},"43":{"start":{"line":47,"column":4},"end":{"line":49,"column":5}},"44":{"start":{"line":48,"column":6},"end":{"line":48,"column":72}},"45":{"start":{"line":50,"column":4},"end":{"line":52,"column":5}},"46":{"start":{"line":51,"column":6},"end":{"line":51,"column":65}},"47":{"start":{"line":55,"column":2},"end":{"line":59,"column":3}}},"fnMap":{"0":{"name":"drawAttacking","decl":{"start":{"line":23,"column":9},"end":{"line":23,"column":22}},"loc":{"start":{"line":23,"column":31},"end":{"line":28,"column":3}},"line":23},"1":{"name":"drawWindUpAttack","decl":{"start":{"line":30,"column":11},"end":{"line":30,"column":27}},"loc":{"start":{"line":30,"column":36},"end":{"line":35,"column":3}},"line":30},"2":{"name":"drawPlayer","decl":{"start":{"line":37,"column":11},"end":{"line":37,"column":21}},"loc":{"start":{"line":37,"column":30},"end":{"line":53,"column":3}},"line":37}},"branchMap":{"0":{"loc":{"start":{"line":24,"column":4},"end":{"line":24,"column":136}},"type":"if","locations":[{"start":{"line":24,"column":4},"end":{"line":24,"column":136}},{"start":{"line":24,"column":4},"end":{"line":24,"column":136}}],"line":24},"1":{"loc":{"start":{"line":25,"column":4},"end":{"line":25,"column":134}},"type":"if","locations":[{"start":{"line":25,"column":4},"end":{"line":25,"column":134}},{"start":{"line":25,"column":4},"end":{"line":25,"column":134}}],"line":25},"2":{"loc":{"start":{"line":26,"column":4},"end":{"line":26,"column":132}},"type":"if","locations":[{"start":{"line":26,"column":4},"end":{"line":26,"column":132}},{"start":{"line":26,"column":4},"end":{"line":26,"column":132}}],"line":26},"3":{"loc":{"start":{"line":27,"column":4},"end":{"line":27,"column":136}},"type":"if","locations":[{"start":{"line":27,"column":4},"end":{"line":27,"column":136}},{"start":{"line":27,"column":4},"end":{"line":27,"column":136}}],"line":27},"4":{"loc":{"start":{"line":31,"column":4},"end":{"line":31,"column":133}},"type":"if","locations":[{"start":{"line":31,"column":4},"end":{"line":31,"column":133}},{"start":{"line":31,"column":4},"end":{"line":31,"column":133}}],"line":31},"5":{"loc":{"start":{"line":32,"column":4},"end":{"line":32,"column":131}},"type":"if","locations":[{"start":{"line":32,"column":4},"end":{"line":32,"column":131}},{"start":{"line":32,"column":4},"end":{"line":32,"column":131}}],"line":32},"6":{"loc":{"start":{"line":33,"column":4},"end":{"line":33,"column":129}},"type":"if","locations":[{"start":{"line":33,"column":4},"end":{"line":33,"column":129}},{"start":{"line":33,"column":4},"end":{"line":33,"column":129}}],"line":33},"7":{"loc":{"start":{"line":34,"column":4},"end":{"line":34,"column":133}},"type":"if","locations":[{"start":{"line":34,"column":4},"end":{"line":34,"column":133}},{"start":{"line":34,"column":4},"end":{"line":34,"column":133}}],"line":34},"8":{"loc":{"start":{"line":38,"column":4},"end":{"line":40,"column":5}},"type":"if","locations":[{"start":{"line":38,"column":4},"end":{"line":40,"column":5}},{"start":{"line":38,"column":4},"end":{"line":40,"column":5}}],"line":38},"9":{"loc":{"start":{"line":41,"column":4},"end":{"line":43,"column":5}},"type":"if","locations":[{"start":{"line":41,"column":4},"end":{"line":43,"column":5}},{"start":{"line":41,"column":4},"end":{"line":43,"column":5}}],"line":41},"10":{"loc":{"start":{"line":44,"column":4},"end":{"line":46,"column":5}},"type":"if","locations":[{"start":{"line":44,"column":4},"end":{"line":46,"column":5}},{"start":{"line":44,"column":4},"end":{"line":46,"column":5}}],"line":44},"11":{"loc":{"start":{"line":47,"column":4},"end":{"line":49,"column":5}},"type":"if","locations":[{"start":{"line":47,"column":4},"end":{"line":49,"column":5}},{"start":{"line":47,"column":4},"end":{"line":49,"column":5}}],"line":47},"12":{"loc":{"start":{"line":50,"column":4},"end":{"line":52,"column":5}},"type":"if","locations":[{"start":{"line":50,"column":4},"end":{"line":52,"column":5}},{"start":{"line":50,"column":4},"end":{"line":52,"column":5}}],"line":50}},"s":{"0":1,"1":1,"2":1,"3":1,"4":1,"5":1,"6":1,"7":1,"8":1,"9":1,"10":1,"11":1,"12":1,"13":1,"14":1,"15":1,"16":1,"17":1,"18":1,"19":1,"20":1,"21":0,"22":0,"23":0,"24":0,"25":0,"26":0,"27":0,"28":0,"29":0,"30":0,"31":0,"32":0,"33":0,"34":0,"35":0,"36":0,"37":0,"38":0,"39":0,"40":0,"41":0,"42":0,"43":0,"44":0,"45":0,"46":0,"47":1},"f":{"0":0,"1":0,"2":0},"b":{"0":[0,0],"1":[0,0],"2":[0,0],"3":[0,0],"4":[0,0],"5":[0,0],"6":[0,0],"7":[0,0],"8":[0,0],"9":[0,0],"10":[0,0],"11":[0,0],"12":[0,0]},"_coverageSchema":"332fd63041d2c1bcb487cc26dd0d5f7d97098a6c","hash":"6c15acf0404b19ded89e48f2079823073cb50026"}
,"/Users/brynach/git/js_canvas_shmup/js/src/playerMovement.js": {"path":"/Users/brynach/git/js_canvas_shmup/js/src/playerMovement.js","statementMap":{"0":{"start":{"line":1,"column":20},"end":{"line":1,"column":48}},"1":{"start":{"line":2,"column":33},"end":{"line":2,"column":67}},"2":{"start":{"line":5,"column":11},"end":{"line":5,"column":15}},"3":{"start":{"line":5,"column":24},"end":{"line":5,"column":30}},"4":{"start":{"line":5,"column":39},"end":{"line":5,"column":45}},"5":{"start":{"line":5,"column":55},"end":{"line":5,"column":62}},"6":{"start":{"line":8,"column":13},"end":{"line":8,"column":19}},"7":{"start":{"line":8,"column":33},"end":{"line":8,"column":44}},"8":{"start":{"line":8,"column":61},"end":{"line":8,"column":75}},"9":{"start":{"line":8,"column":92},"end":{"line":8,"column":94}},"10":{"start":{"line":11,"column":2},"end":{"line":14,"column":3}},"11":{"start":{"line":12,"column":4},"end":{"line":12,"column":24}},"12":{"start":{"line":13,"column":4},"end":{"line":13,"column":109}},"13":{"start":{"line":15,"column":2},"end":{"line":18,"column":3}},"14":{"start":{"line":16,"column":4},"end":{"line":16,"column":26}},"15":{"start":{"line":17,"column":4},"end":{"line":17,"column":115}},"16":{"start":{"line":19,"column":2},"end":{"line":22,"column":3}},"17":{"start":{"line":20,"column":4},"end":{"line":20,"column":27}},"18":{"start":{"line":21,"column":4},"end":{"line":21,"column":115}},"19":{"start":{"line":23,"column":2},"end":{"line":26,"column":3}},"20":{"start":{"line":24,"column":4},"end":{"line":24,"column":26}},"21":{"start":{"line":25,"column":4},"end":{"line":25,"column":109}},"22":{"start":{"line":30,"column":2},"end":{"line":59,"column":3}},"23":{"start":{"line":31,"column":4},"end":{"line":44,"column":5}},"24":{"start":{"line":32,"column":6},"end":{"line":32,"column":164}},"25":{"start":{"line":32,"column":58},"end":{"line":32,"column":162}},"26":{"start":{"line":33,"column":6},"end":{"line":36,"column":7}},"27":{"start":{"line":34,"column":8},"end":{"line":34,"column":22}},"28":{"start":{"line":35,"column":8},"end":{"line":35,"column":33}},"29":{"start":{"line":38,"column":9},"end":{"line":44,"column":5}},"30":{"start":{"line":39,"column":6},"end":{"line":39,"column":163}},"31":{"start":{"line":39,"column":57},"end":{"line":39,"column":161}},"32":{"start":{"line":40,"column":6},"end":{"line":43,"column":7}},"33":{"start":{"line":41,"column":8},"end":{"line":41,"column":22}},"34":{"start":{"line":42,"column":8},"end":{"line":42,"column":33}},"35":{"start":{"line":45,"column":4},"end":{"line":58,"column":5}},"36":{"start":{"line":46,"column":6},"end":{"line":46,"column":161}},"37":{"start":{"line":46,"column":55},"end":{"line":46,"column":159}},"38":{"start":{"line":47,"column":6},"end":{"line":50,"column":7}},"39":{"start":{"line":48,"column":8},"end":{"line":48,"column":22}},"40":{"start":{"line":49,"column":8},"end":{"line":49,"column":33}},"41":{"start":{"line":52,"column":9},"end":{"line":58,"column":5}},"42":{"start":{"line":53,"column":6},"end":{"line":53,"column":163}},"43":{"start":{"line":53,"column":57},"end":{"line":53,"column":161}},"44":{"start":{"line":54,"column":6},"end":{"line":57,"column":7}},"45":{"start":{"line":55,"column":8},"end":{"line":55,"column":22}},"46":{"start":{"line":56,"column":8},"end":{"line":56,"column":33}},"47":{"start":{"line":62,"column":0},"end":{"line":65,"column":1}}},"fnMap":{"0":{"name":"facePlayer","decl":{"start":{"line":10,"column":9},"end":{"line":10,"column":19}},"loc":{"start":{"line":10,"column":63},"end":{"line":27,"column":1}},"line":10},"1":{"name":"movePlayer","decl":{"start":{"line":29,"column":9},"end":{"line":29,"column":19}},"loc":{"start":{"line":29,"column":63},"end":{"line":60,"column":1}},"line":29},"2":{"name":"(anonymous_2)","decl":{"start":{"line":32,"column":53},"end":{"line":32,"column":54}},"loc":{"start":{"line":32,"column":58},"end":{"line":32,"column":162}},"line":32},"3":{"name":"(anonymous_3)","decl":{"start":{"line":39,"column":52},"end":{"line":39,"column":53}},"loc":{"start":{"line":39,"column":57},"end":{"line":39,"column":161}},"line":39},"4":{"name":"(anonymous_4)","decl":{"start":{"line":46,"column":50},"end":{"line":46,"column":51}},"loc":{"start":{"line":46,"column":55},"end":{"line":46,"column":159}},"line":46},"5":{"name":"(anonymous_5)","decl":{"start":{"line":53,"column":52},"end":{"line":53,"column":53}},"loc":{"start":{"line":53,"column":57},"end":{"line":53,"column":161}},"line":53}},"branchMap":{"0":{"loc":{"start":{"line":11,"column":2},"end":{"line":14,"column":3}},"type":"if","locations":[{"start":{"line":11,"column":2},"end":{"line":14,"column":3}},{"start":{"line":11,"column":2},"end":{"line":14,"column":3}}],"line":11},"1":{"loc":{"start":{"line":15,"column":2},"end":{"line":18,"column":3}},"type":"if","locations":[{"start":{"line":15,"column":2},"end":{"line":18,"column":3}},{"start":{"line":15,"column":2},"end":{"line":18,"column":3}}],"line":15},"2":{"loc":{"start":{"line":19,"column":2},"end":{"line":22,"column":3}},"type":"if","locations":[{"start":{"line":19,"column":2},"end":{"line":22,"column":3}},{"start":{"line":19,"column":2},"end":{"line":22,"column":3}}],"line":19},"3":{"loc":{"start":{"line":23,"column":2},"end":{"line":26,"column":3}},"type":"if","locations":[{"start":{"line":23,"column":2},"end":{"line":26,"column":3}},{"start":{"line":23,"column":2},"end":{"line":26,"column":3}}],"line":23},"4":{"loc":{"start":{"line":30,"column":2},"end":{"line":59,"column":3}},"type":"if","locations":[{"start":{"line":30,"column":2},"end":{"line":59,"column":3}},{"start":{"line":30,"column":2},"end":{"line":59,"column":3}}],"line":30},"5":{"loc":{"start":{"line":31,"column":4},"end":{"line":44,"column":5}},"type":"if","locations":[{"start":{"line":31,"column":4},"end":{"line":44,"column":5}},{"start":{"line":31,"column":4},"end":{"line":44,"column":5}}],"line":31},"6":{"loc":{"start":{"line":31,"column":8},"end":{"line":31,"column":47}},"type":"binary-expr","locations":[{"start":{"line":31,"column":8},"end":{"line":31,"column":16}},{"start":{"line":31,"column":20},"end":{"line":31,"column":47}}],"line":31},"7":{"loc":{"start":{"line":33,"column":6},"end":{"line":36,"column":7}},"type":"if","locations":[{"start":{"line":33,"column":6},"end":{"line":36,"column":7}},{"start":{"line":33,"column":6},"end":{"line":36,"column":7}}],"line":33},"8":{"loc":{"start":{"line":38,"column":9},"end":{"line":44,"column":5}},"type":"if","locations":[{"start":{"line":38,"column":9},"end":{"line":44,"column":5}},{"start":{"line":38,"column":9},"end":{"line":44,"column":5}}],"line":38},"9":{"loc":{"start":{"line":38,"column":13},"end":{"line":38,"column":36}},"type":"binary-expr","locations":[{"start":{"line":38,"column":13},"end":{"line":38,"column":20}},{"start":{"line":38,"column":24},"end":{"line":38,"column":36}}],"line":38},"10":{"loc":{"start":{"line":40,"column":6},"end":{"line":43,"column":7}},"type":"if","locations":[{"start":{"line":40,"column":6},"end":{"line":43,"column":7}},{"start":{"line":40,"column":6},"end":{"line":43,"column":7}}],"line":40},"11":{"loc":{"start":{"line":45,"column":4},"end":{"line":58,"column":5}},"type":"if","locations":[{"start":{"line":45,"column":4},"end":{"line":58,"column":5}},{"start":{"line":45,"column":4},"end":{"line":58,"column":5}}],"line":45},"12":{"loc":{"start":{"line":45,"column":8},"end":{"line":45,"column":29}},"type":"binary-expr","locations":[{"start":{"line":45,"column":8},"end":{"line":45,"column":13}},{"start":{"line":45,"column":17},"end":{"line":45,"column":29}}],"line":45},"13":{"loc":{"start":{"line":47,"column":6},"end":{"line":50,"column":7}},"type":"if","locations":[{"start":{"line":47,"column":6},"end":{"line":50,"column":7}},{"start":{"line":47,"column":6},"end":{"line":50,"column":7}}],"line":47},"14":{"loc":{"start":{"line":52,"column":9},"end":{"line":58,"column":5}},"type":"if","locations":[{"start":{"line":52,"column":9},"end":{"line":58,"column":5}},{"start":{"line":52,"column":9},"end":{"line":58,"column":5}}],"line":52},"15":{"loc":{"start":{"line":52,"column":13},"end":{"line":52,"column":51}},"type":"binary-expr","locations":[{"start":{"line":52,"column":13},"end":{"line":52,"column":20}},{"start":{"line":52,"column":24},"end":{"line":52,"column":51}}],"line":52},"16":{"loc":{"start":{"line":54,"column":6},"end":{"line":57,"column":7}},"type":"if","locations":[{"start":{"line":54,"column":6},"end":{"line":57,"column":7}},{"start":{"line":54,"column":6},"end":{"line":57,"column":7}}],"line":54}},"s":{"0":1,"1":1,"2":1,"3":1,"4":1,"5":1,"6":1,"7":1,"8":1,"9":1,"10":0,"11":0,"12":0,"13":0,"14":0,"15":0,"16":0,"17":0,"18":0,"19":0,"20":0,"21":0,"22":0,"23":0,"24":0,"25":0,"26":0,"27":0,"28":0,"29":0,"30":0,"31":0,"32":0,"33":0,"34":0,"35":0,"36":0,"37":0,"38":0,"39":0,"40":0,"41":0,"42":0,"43":0,"44":0,"45":0,"46":0,"47":1},"f":{"0":0,"1":0,"2":0,"3":0,"4":0,"5":0},"b":{"0":[0,0],"1":[0,0],"2":[0,0],"3":[0,0],"4":[0,0],"5":[0,0],"6":[0,0],"7":[0,0],"8":[0,0],"9":[0,0],"10":[0,0],"11":[0,0],"12":[0,0],"13":[0,0],"14":[0,0],"15":[0,0],"16":[0,0]},"_coverageSchema":"332fd63041d2c1bcb487cc26dd0d5f7d97098a6c","hash":"12f61c88c4807970f7bc79bfcdb6cfd6e57a588b"}
,"/Users/brynach/git/js_canvas_shmup/js/src/utility.js": {"path":"/Users/brynach/git/js_canvas_shmup/js/src/utility.js","statementMap":{"0":{"start":{"line":2,"column":2},"end":{"line":6,"column":3}},"1":{"start":{"line":3,"column":4},"end":{"line":3,"column":13}},"2":{"start":{"line":5,"column":4},"end":{"line":5,"column":42}},"3":{"start":{"line":9,"column":0},"end":{"line":11,"column":1}}},"fnMap":{"0":{"name":"newId","decl":{"start":{"line":1,"column":9},"end":{"line":1,"column":14}},"loc":{"start":{"line":1,"column":22},"end":{"line":7,"column":1}},"line":1}},"branchMap":{"0":{"loc":{"start":{"line":2,"column":2},"end":{"line":6,"column":3}},"type":"if","locations":[{"start":{"line":2,"column":2},"end":{"line":6,"column":3}},{"start":{"line":2,"column":2},"end":{"line":6,"column":3}}],"line":2}},"s":{"0":0,"1":0,"2":0,"3":2},"f":{"0":0},"b":{"0":[0,0]},"_coverageSchema":"332fd63041d2c1bcb487cc26dd0d5f7d97098a6c","hash":"702b39c7ca222b86f37e771a55a15edccbd6bacd"}
}
