TN:
SF:/Users/brynach/git/js_canvas_shmup/js/src/collisionDetection.js
FN:1,collisionDetection
FNF:1
FNH:0
FNDA:0,collisionDetection
DA:2,0
DA:6,1
LF:2
LH:1
BRDA:2,0,0,0
BRDA:2,0,1,0
BRDA:2,0,2,0
BRDA:2,0,3,0
BRF:4
BRH:0
end_of_record
TN:
SF:/Users/brynach/git/js_canvas_shmup/js/src/draw.js
FN:4,drawHitbox
FN:9,drawSprite
FNF:2
FNH:0
FNDA:0,drawHitbox
FNDA:0,drawSprite
DA:5,0
DA:6,0
DA:10,0
DA:11,0
DA:12,0
DA:16,4
LF:6
LH:1
BRDA:11,0,0,0
BRDA:11,0,1,0
BRF:2
BRH:0
end_of_record
TN:
SF:/Users/brynach/git/js_canvas_shmup/js/src/enemyAttack.js
FN:5,attack
FN:27,windingUp
FN:31,windingDown
FN:35,attacking
FNF:4
FNH:0
FNDA:0,attack
FNDA:0,windingUp
FNDA:0,windingDown
FNDA:0,attacking
DA:1,1
DA:2,1
DA:3,1
DA:6,0
DA:7,0
DA:9,0
DA:10,0
DA:12,0
DA:13,0
DA:15,0
DA:16,0
DA:18,0
DA:19,0
DA:20,0
DA:21,0
DA:23,0
DA:24,0
DA:28,0
DA:32,0
DA:36,0
DA:37,0
DA:38,0
DA:39,0
DA:43,1
LF:24
LH:4
BRDA:7,0,0,0
BRDA:7,0,1,0
BRDA:7,0,2,0
BRDA:7,0,3,0
BRDA:37,1,0,0
BRDA:37,1,1,0
BRDA:37,2,0,0
BRDA:37,2,1,0
BRF:8
BRH:0
end_of_record
TN:
SF:/Users/brynach/git/js_canvas_shmup/js/src/enemyDrawer.js
FN:26,drawIdle
FN:38,drawWindUpAttack
FN:46,drawAttacking
FN:54,drawWindDownAttack
FNF:4
FNH:0
FNDA:0,drawIdle
FNDA:0,drawWindUpAttack
FNDA:0,drawAttacking
FNDA:0,drawWindDownAttack
DA:1,1
DA:3,1
DA:5,1
DA:6,1
DA:8,1
DA:9,1
DA:10,1
DA:11,1
DA:12,1
DA:13,1
DA:14,1
DA:15,1
DA:17,1
DA:18,1
DA:19,1
DA:20,1
DA:21,1
DA:22,1
DA:23,1
DA:24,1
DA:27,0
DA:28,0
DA:29,0
DA:30,0
DA:31,0
DA:32,0
DA:33,0
DA:34,0
DA:39,0
DA:40,0
DA:41,0
DA:42,0
DA:43,0
DA:47,0
DA:48,0
DA:49,0
DA:50,0
DA:51,0
DA:55,0
DA:58,1
LF:40
LH:21
BRDA:27,0,0,0
BRDA:27,0,1,0
BRDA:28,1,0,0
BRDA:28,1,1,0
BRDA:29,2,0,0
BRDA:29,2,1,0
BRDA:30,3,0,0
BRDA:30,3,1,0
BRDA:31,4,0,0
BRDA:31,4,1,0
BRDA:40,5,0,0
BRDA:40,5,1,0
BRDA:41,6,0,0
BRDA:41,6,1,0
BRDA:42,7,0,0
BRDA:42,7,1,0
BRDA:43,8,0,0
BRDA:43,8,1,0
BRDA:48,9,0,0
BRDA:48,9,1,0
BRDA:49,10,0,0
BRDA:49,10,1,0
BRDA:50,11,0,0
BRDA:50,11,1,0
BRDA:51,12,0,0
BRDA:51,12,1,0
BRF:26
BRH:0
end_of_record
TN:
SF:/Users/brynach/git/js_canvas_shmup/js/src/enemyManager.js
FN:15,addEnemy
FN:19,getEnemies
FN:23,createEnemy
FN:32,removeEnemy
FN:33,(anonymous_4)
FN:37,removeAndReplaceEnemy
FN:42,updateEnemyDirection
FN:64,moveEnemyToward
FN:80,move
FN:91,hitEnemy
FNF:10
FNH:5
FNDA:4,addEnemy
FNDA:14,getEnemies
FNDA:4,createEnemy
FNDA:3,removeEnemy
FNDA:4,(anonymous_4)
FNDA:0,removeAndReplaceEnemy
FNDA:0,updateEnemyDirection
FNDA:0,moveEnemyToward
FNDA:0,move
FNDA:0,hitEnemy
DA:1,2
DA:2,2
DA:4,2
DA:5,2
DA:6,2
DA:8,2
DA:9,2
DA:10,2
DA:11,2
DA:13,2
DA:16,4
DA:20,14
DA:24,4
DA:33,4
DA:34,3
DA:38,0
DA:39,0
DA:43,0
DA:44,0
DA:45,0
DA:46,0
DA:47,0
DA:48,0
DA:50,0
DA:51,0
DA:54,0
DA:55,0
DA:56,0
DA:58,0
DA:59,0
DA:65,0
DA:66,0
DA:67,0
DA:69,0
DA:70,0
DA:72,0
DA:73,0
DA:75,0
DA:76,0
DA:81,0
DA:82,0
DA:83,0
DA:84,0
DA:85,0
DA:86,0
DA:87,0
DA:88,0
DA:92,0
DA:93,0
DA:94,0
DA:95,0
DA:96,0
DA:101,2
LF:53
LH:16
BRDA:45,0,0,0
BRDA:45,0,1,0
BRDA:46,1,0,0
BRDA:46,1,1,0
BRDA:54,2,0,0
BRDA:54,2,1,0
BRDA:66,3,0,0
BRDA:66,3,1,0
BRDA:69,4,0,0
BRDA:69,4,1,0
BRDA:72,5,0,0
BRDA:72,5,1,0
BRDA:75,6,0,0
BRDA:75,6,1,0
BRDA:93,7,0,0
BRDA:93,7,1,0
BRDA:95,8,0,0
BRDA:95,8,1,0
BRF:18
BRH:0
end_of_record
TN:
SF:/Users/brynach/git/js_canvas_shmup/js/src/enemyService.js
FN:7,getEnemies
FN:11,addEnemy
FN:15,damageEnemy
FN:19,updateEnemies
FN:24,(anonymous_4)
FN:24,(anonymous_5)
FN:25,(anonymous_6)
FN:25,(anonymous_7)
FN:28,playerEnemyDetectionBoxCollision
FN:29,(anonymous_9)
FN:29,(anonymous_10)
FN:32,playerEnemyAttackBoxCollision
FN:33,(anonymous_12)
FN:33,(anonymous_13)
FN:36,playerEnemyDeaggroBoxCollision
FN:37,(anonymous_15)
FN:37,(anonymous_16)
FN:40,moveEnemies
FN:41,(anonymous_18)
FN:42,(anonymous_19)
FN:42,(anonymous_20)
FNF:21
FNH:21
FNDA:19,getEnemies
FNDA:1,addEnemy
FNDA:1,damageEnemy
FNDA:3,updateEnemies
FNDA:3,(anonymous_4)
FNDA:2,(anonymous_5)
FNDA:3,(anonymous_6)
FNDA:1,(anonymous_7)
FNDA:3,playerEnemyDetectionBoxCollision
FNDA:3,(anonymous_9)
FNDA:1,(anonymous_10)
FNDA:3,playerEnemyAttackBoxCollision
FNDA:3,(anonymous_12)
FNDA:1,(anonymous_13)
FNDA:3,playerEnemyDeaggroBoxCollision
FNDA:3,(anonymous_15)
FNDA:2,(anonymous_16)
FNDA:3,moveEnemies
FNDA:3,(anonymous_18)
FNDA:1,(anonymous_19)
FNDA:1,(anonymous_20)
DA:1,1
DA:2,1
DA:3,1
DA:4,1
DA:5,1
DA:8,19
DA:12,1
DA:16,1
DA:20,3
DA:21,3
DA:22,3
DA:23,3
DA:24,3
DA:25,3
DA:29,3
DA:33,3
DA:37,3
DA:41,3
DA:42,3
DA:45,1
LF:20
LH:20
BRF:0
BRH:0
end_of_record
TN:
SF:/Users/brynach/git/js_canvas_shmup/js/src/pebblePickup.js
FN:11,addToPebblePickups
FN:15,removeFromPebblePickups
FN:16,(anonymous_2)
FN:20,createPebblePickup
FN:24,drawPebblePickup
FNF:5
FNH:0
FNDA:0,addToPebblePickups
FNDA:0,removeFromPebblePickups
FNDA:0,(anonymous_2)
FNDA:0,createPebblePickup
FNDA:0,drawPebblePickup
DA:1,2
DA:2,2
DA:4,2
DA:6,2
DA:7,2
DA:9,2
DA:12,0
DA:16,0
DA:17,0
DA:21,0
DA:25,0
DA:26,0
DA:30,2
LF:13
LH:7
BRF:0
BRH:0
end_of_record
TN:
SF:/Users/brynach/git/js_canvas_shmup/js/src/player.js
FN:17,createPlayer
FN:23,getPlayer
FN:30,resetPlayer
FN:36,getHealth
FN:40,getAlive
FN:44,setAlive
FN:48,getExperience
FN:52,addExperience
FN:56,updateHealth
FN:65,updatePlayer
FN:75,attack
FNF:11
FNH:0
FNDA:0,createPlayer
FNDA:0,getPlayer
FNDA:0,resetPlayer
FNDA:0,getHealth
FNDA:0,getAlive
FNDA:0,setAlive
FNDA:0,getExperience
FNDA:0,addExperience
FNDA:0,updateHealth
FNDA:0,updatePlayer
FNDA:0,attack
DA:1,1
DA:2,1
DA:3,1
DA:5,1
DA:7,1
DA:9,1
DA:12,1
DA:15,1
DA:18,0
DA:24,0
DA:25,0
DA:27,0
DA:31,0
DA:32,0
DA:33,0
DA:37,0
DA:41,0
DA:45,0
DA:49,0
DA:53,0
DA:57,0
DA:58,0
DA:61,0
DA:66,0
DA:67,0
DA:68,0
DA:70,0
DA:71,0
DA:72,0
DA:76,0
DA:79,1
LF:31
LH:9
BRDA:24,0,0,0
BRDA:24,0,1,0
BRDA:58,1,0,0
BRDA:58,1,1,0
BRDA:66,2,0,0
BRDA:66,2,1,0
BRDA:66,3,0,0
BRDA:66,3,1,0
BRF:8
BRH:0
end_of_record
TN:
SF:/Users/brynach/git/js_canvas_shmup/js/src/playerAttack.js
FN:7,attack
FN:29,windingUp
FN:34,attacking
FN:37,(anonymous_3)
FN:38,(anonymous_4)
FN:38,(anonymous_5)
FN:41,hitEnemy
FN:46,windingDown
FNF:8
FNH:0
FNDA:0,attack
FNDA:0,windingUp
FNDA:0,attacking
FNDA:0,(anonymous_3)
FNDA:0,(anonymous_4)
FNDA:0,(anonymous_5)
FNDA:0,hitEnemy
FNDA:0,windingDown
DA:1,1
DA:2,1
DA:3,1
DA:5,1
DA:8,0
DA:9,0
DA:11,0
DA:12,0
DA:14,0
DA:15,0
DA:17,0
DA:18,0
DA:20,0
DA:21,0
DA:22,0
DA:23,0
DA:25,0
DA:26,0
DA:30,0
DA:31,0
DA:35,0
DA:36,0
DA:37,0
DA:38,0
DA:42,0
DA:43,0
DA:47,0
DA:50,1
LF:28
LH:5
BRDA:9,0,0,0
BRDA:9,0,1,0
BRDA:9,0,2,0
BRDA:9,0,3,0
BRF:4
BRH:0
end_of_record
TN:
SF:/Users/brynach/git/js_canvas_shmup/js/src/playerDrawer.js
FN:23,drawAttacking
FN:30,drawWindUpAttack
FN:37,drawPlayer
FNF:3
FNH:0
FNDA:0,drawAttacking
FNDA:0,drawWindUpAttack
FNDA:0,drawPlayer
DA:1,1
DA:3,1
DA:5,1
DA:6,1
DA:7,1
DA:8,1
DA:9,1
DA:10,1
DA:11,1
DA:12,1
DA:14,1
DA:15,1
DA:16,1
DA:17,1
DA:18,1
DA:19,1
DA:20,1
DA:21,1
DA:24,0
DA:25,0
DA:26,0
DA:27,0
DA:31,0
DA:32,0
DA:33,0
DA:34,0
DA:38,0
DA:39,0
DA:41,0
DA:42,0
DA:44,0
DA:45,0
DA:47,0
DA:48,0
DA:50,0
DA:51,0
DA:55,1
LF:37
LH:19
BRDA:24,0,0,0
BRDA:24,0,1,0
BRDA:25,1,0,0
BRDA:25,1,1,0
BRDA:26,2,0,0
BRDA:26,2,1,0
BRDA:27,3,0,0
BRDA:27,3,1,0
BRDA:31,4,0,0
BRDA:31,4,1,0
BRDA:32,5,0,0
BRDA:32,5,1,0
BRDA:33,6,0,0
BRDA:33,6,1,0
BRDA:34,7,0,0
BRDA:34,7,1,0
BRDA:38,8,0,0
BRDA:38,8,1,0
BRDA:41,9,0,0
BRDA:41,9,1,0
BRDA:44,10,0,0
BRDA:44,10,1,0
BRDA:47,11,0,0
BRDA:47,11,1,0
BRDA:50,12,0,0
BRDA:50,12,1,0
BRF:26
BRH:0
end_of_record
TN:
SF:/Users/brynach/git/js_canvas_shmup/js/src/playerMovement.js
FN:10,facePlayer
FN:29,movePlayer
FN:32,(anonymous_2)
FN:39,(anonymous_3)
FN:46,(anonymous_4)
FN:53,(anonymous_5)
FNF:6
FNH:0
FNDA:0,facePlayer
FNDA:0,movePlayer
FNDA:0,(anonymous_2)
FNDA:0,(anonymous_3)
FNDA:0,(anonymous_4)
FNDA:0,(anonymous_5)
DA:1,1
DA:2,1
DA:5,1
DA:8,1
DA:11,0
DA:12,0
DA:13,0
DA:15,0
DA:16,0
DA:17,0
DA:19,0
DA:20,0
DA:21,0
DA:23,0
DA:24,0
DA:25,0
DA:30,0
DA:31,0
DA:32,0
DA:33,0
DA:34,0
DA:35,0
DA:38,0
DA:39,0
DA:40,0
DA:41,0
DA:42,0
DA:45,0
DA:46,0
DA:47,0
DA:48,0
DA:49,0
DA:52,0
DA:53,0
DA:54,0
DA:55,0
DA:56,0
DA:62,1
LF:38
LH:5
BRDA:11,0,0,0
BRDA:11,0,1,0
BRDA:15,1,0,0
BRDA:15,1,1,0
BRDA:19,2,0,0
BRDA:19,2,1,0
BRDA:23,3,0,0
BRDA:23,3,1,0
BRDA:30,4,0,0
BRDA:30,4,1,0
BRDA:31,5,0,0
BRDA:31,5,1,0
BRDA:31,6,0,0
BRDA:31,6,1,0
BRDA:33,7,0,0
BRDA:33,7,1,0
BRDA:38,8,0,0
BRDA:38,8,1,0
BRDA:38,9,0,0
BRDA:38,9,1,0
BRDA:40,10,0,0
BRDA:40,10,1,0
BRDA:45,11,0,0
BRDA:45,11,1,0
BRDA:45,12,0,0
BRDA:45,12,1,0
BRDA:47,13,0,0
BRDA:47,13,1,0
BRDA:52,14,0,0
BRDA:52,14,1,0
BRDA:52,15,0,0
BRDA:52,15,1,0
BRDA:54,16,0,0
BRDA:54,16,1,0
BRF:34
BRH:0
end_of_record
TN:
SF:/Users/brynach/git/js_canvas_shmup/js/src/utility.js
FN:1,newId
FNF:1
FNH:0
FNDA:0,newId
DA:2,0
DA:3,0
DA:5,0
DA:9,2
LF:4
LH:1
BRDA:2,0,0,0
BRDA:2,0,1,0
BRF:2
BRH:0
end_of_record
